<?xml version="1.0" encoding="UTF-8"?>
<!-- Generated by org.testng.reporters.JUnitReportReporter -->
<testsuite hostname="BANL149add40f.local"
	name="com.companyname.projectname.testscripts.TC001_testLogin" tests="1"
	failures="0" timestamp="19 Sep 2016 18:18:49 GMT" time="8.319" errors="0">
	<testcase name="testlogin" time="8.319"
		classname="com.companyname.projectname.testscripts.TC001_testLogin" />
</testsuite> <!-- com.companyname.projectname.testscripts.TC001_testLogin -->
